<?xml version="1.0" encoding="UTF-8"?>
<!-- Generated by org.testng.reporters.JUnitReportReporter -->
<testsuite skipped="0" hostname="DESKTOP-3PNL7PL" name="NewTest" tests="1" failures="0" timestamp="31 янв 2019 12:50:02 GMT" time="3.384" errors="0">
  <testcase name="testSearchSeleniumWebDriver" time="3.384" classname="NewTest"/>
</testsuite> <!-- NewTest -->
